<?xml version="1.0" encoding="UTF-8"?>
<!-- Generated by org.testng.reporters.JUnitReportReporter -->
<testsuite hostname="Classroom-201" failures="0" tests="1" name="runnerscripts.Excel" time="0.726" errors="0" timestamp="2025-07-02T10:37:27 IST" skipped="0">
  <testcase classname="runnerscripts.Excel" name="TestData" time="0.726"/>
</testsuite> <!-- runnerscripts.Excel -->
