<?xml version="1.0" encoding="UTF-8"?>
<!-- Generated by org.testng.reporters.JUnitReportReporter -->
<testsuite hostname="Classroom-201" failures="0" tests="2" name="runnerscripts.TestcCase2" time="9.460" errors="0" timestamp="2025-07-07T10:36:18 IST" skipped="0">
  <testcase classname="runnerscripts.TestcCase2" name="FetchTitle" time="5.076"/>
  <testcase classname="runnerscripts.TestcCase2" name="FetchTitle" time="4.384"/>
</testsuite> <!-- runnerscripts.TestcCase2 -->
