<?xml version="1.0" encoding="UTF-8"?>
<!-- Generated by org.testng.reporters.JUnitReportReporter -->
<testsuite hostname="Classroom-201" failures="0" tests="1" name="runnerscripts.TestcCase01" time="7.274" errors="0" timestamp="2025-07-07T10:36:18 IST" skipped="0">
  <testcase classname="runnerscripts.TestcCase01" name="AddEmp" time="7.274"/>
</testsuite> <!-- runnerscripts.TestcCase01 -->
