<?xml version="1.0" encoding="UTF-8"?>
<!-- Generated by org.testng.reporters.JUnitReportReporter -->
<testsuite hostname="Classroom-201" failures="0" tests="1" name="genericscripts.BasePage" time="11.816" errors="0" timestamp="2025-06-30T11:18:20 IST" skipped="0">
  <testcase classname="genericscripts.BasePage" name="loginApplication" time="11.816"/>
</testsuite> <!-- genericscripts.BasePage -->
